[debug] [2025-05-09T03:02:12.736Z] ----------------------------------------------------------------------
[debug] [2025-05-09T03:02:12.739Z] Command:       C:\Program Files\nodejs\node.exe C:\Users\mcdwd\AppData\Roaming\npm\node_modules\firebase-tools\lib\bin\firebase.js deploy
[debug] [2025-05-09T03:02:12.740Z] CLI Version:   14.3.0
[debug] [2025-05-09T03:02:12.740Z] Platform:      win32
[debug] [2025-05-09T03:02:12.740Z] Node Version:  v22.15.0
[debug] [2025-05-09T03:02:12.741Z] Time:          Fri May 09 2025 00:02:12 GMT-0300 (hora est치ndar de Uruguay)
[debug] [2025-05-09T03:02:12.741Z] ----------------------------------------------------------------------
[debug] 
[debug] [2025-05-09T03:02:13.054Z] > command requires scopes: ["email","openid","https://www.googleapis.com/auth/cloudplatformprojects.readonly","https://www.googleapis.com/auth/firebase","https://www.googleapis.com/auth/cloud-platform"]
[debug] [2025-05-09T03:02:13.054Z] > authorizing via signed-in user (mcdw.danizt@gmail.com)
[debug] [2025-05-09T03:02:13.055Z] [iam] checking project aerthex-portfolio-71447 for permissions ["firebase.projects.get","firebasehosting.sites.update"]
[debug] [2025-05-09T03:02:13.056Z] Checked if tokens are valid: true, expires at: 1746763305240
[debug] [2025-05-09T03:02:13.056Z] Checked if tokens are valid: true, expires at: 1746763305240
[debug] [2025-05-09T03:02:13.057Z] >>> [apiv2][query] POST https://cloudresourcemanager.googleapis.com/v1/projects/aerthex-portfolio-71447:testIamPermissions [none]
[debug] [2025-05-09T03:02:13.057Z] >>> [apiv2][(partial)header] POST https://cloudresourcemanager.googleapis.com/v1/projects/aerthex-portfolio-71447:testIamPermissions x-goog-quota-user=projects/aerthex-portfolio-71447
[debug] [2025-05-09T03:02:13.057Z] >>> [apiv2][body] POST https://cloudresourcemanager.googleapis.com/v1/projects/aerthex-portfolio-71447:testIamPermissions {"permissions":["firebase.projects.get","firebasehosting.sites.update"]}
[debug] [2025-05-09T03:02:14.336Z] <<< [apiv2][status] POST https://cloudresourcemanager.googleapis.com/v1/projects/aerthex-portfolio-71447:testIamPermissions 200
[debug] [2025-05-09T03:02:14.336Z] <<< [apiv2][body] POST https://cloudresourcemanager.googleapis.com/v1/projects/aerthex-portfolio-71447:testIamPermissions {}
[debug] [2025-05-09T03:02:14.336Z] [iam] error while checking permissions, command may fail: Authorization failed. This account is missing the following required permissions on project aerthex-portfolio-71447:

  firebase.projects.get
  firebasehosting.sites.update
[debug] [2025-05-09T03:02:14.337Z] Checked if tokens are valid: true, expires at: 1746763305240
[debug] [2025-05-09T03:02:14.337Z] Checked if tokens are valid: true, expires at: 1746763305240
[debug] [2025-05-09T03:02:14.337Z] >>> [apiv2][query] GET https://firebase.googleapis.com/v1beta1/projects/aerthex-portfolio-71447 [none]
[debug] [2025-05-09T03:02:14.966Z] <<< [apiv2][status] GET https://firebase.googleapis.com/v1beta1/projects/aerthex-portfolio-71447 403
[debug] [2025-05-09T03:02:14.966Z] <<< [apiv2][body] GET https://firebase.googleapis.com/v1beta1/projects/aerthex-portfolio-71447 {"error":{"code":403,"message":"The caller does not have permission","status":"PERMISSION_DENIED"}}
[debug] [2025-05-09T03:02:14.967Z] Request to https://firebase.googleapis.com/v1beta1/projects/aerthex-portfolio-71447 had HTTP Error: 403, The caller does not have permission
[debug] [2025-05-09T03:02:15.187Z] FirebaseError: Request to https://firebase.googleapis.com/v1beta1/projects/aerthex-portfolio-71447 had HTTP Error: 403, The caller does not have permission
    at responseToError (C:\Users\mcdwd\AppData\Roaming\npm\node_modules\firebase-tools\lib\responseToError.js:52:12)
    at RetryOperation._fn (C:\Users\mcdwd\AppData\Roaming\npm\node_modules\firebase-tools\lib\apiv2.js:312:77)
    at process.processTicksAndRejections (node:internal/process/task_queues:105:5)
[error] 
[error] Error: Failed to get Firebase project aerthex-portfolio-71447. Please make sure the project exists and your account has permission to access it.
[debug] [2025-05-09T03:05:13.712Z] ----------------------------------------------------------------------
[debug] [2025-05-09T03:05:13.716Z] Command:       C:\Program Files\nodejs\node.exe C:\Users\mcdwd\AppData\Roaming\npm\node_modules\firebase-tools\lib\bin\firebase.js deploy
[debug] [2025-05-09T03:05:13.717Z] CLI Version:   14.3.0
[debug] [2025-05-09T03:05:13.717Z] Platform:      win32
[debug] [2025-05-09T03:05:13.717Z] Node Version:  v22.15.0
[debug] [2025-05-09T03:05:13.717Z] Time:          Fri May 09 2025 00:05:13 GMT-0300 (hora est치ndar de Uruguay)
[debug] [2025-05-09T03:05:13.717Z] ----------------------------------------------------------------------
[debug] 
[debug] [2025-05-09T03:05:14.039Z] > command requires scopes: ["email","openid","https://www.googleapis.com/auth/cloudplatformprojects.readonly","https://www.googleapis.com/auth/firebase","https://www.googleapis.com/auth/cloud-platform"]
[debug] [2025-05-09T03:05:14.040Z] > authorizing via signed-in user (mcdw.danizt@gmail.com)
[debug] [2025-05-09T03:05:14.040Z] [iam] checking project aerthex-portfolio-71447 for permissions ["firebase.projects.get","firebasehosting.sites.update"]
[debug] [2025-05-09T03:05:14.041Z] Checked if tokens are valid: true, expires at: 1746763305240
[debug] [2025-05-09T03:05:14.041Z] Checked if tokens are valid: true, expires at: 1746763305240
[debug] [2025-05-09T03:05:14.042Z] >>> [apiv2][query] POST https://cloudresourcemanager.googleapis.com/v1/projects/aerthex-portfolio-71447:testIamPermissions [none]
[debug] [2025-05-09T03:05:14.043Z] >>> [apiv2][(partial)header] POST https://cloudresourcemanager.googleapis.com/v1/projects/aerthex-portfolio-71447:testIamPermissions x-goog-quota-user=projects/aerthex-portfolio-71447
[debug] [2025-05-09T03:05:14.043Z] >>> [apiv2][body] POST https://cloudresourcemanager.googleapis.com/v1/projects/aerthex-portfolio-71447:testIamPermissions {"permissions":["firebase.projects.get","firebasehosting.sites.update"]}
[debug] [2025-05-09T03:05:15.142Z] <<< [apiv2][status] POST https://cloudresourcemanager.googleapis.com/v1/projects/aerthex-portfolio-71447:testIamPermissions 200
[debug] [2025-05-09T03:05:15.143Z] <<< [apiv2][body] POST https://cloudresourcemanager.googleapis.com/v1/projects/aerthex-portfolio-71447:testIamPermissions {}
[debug] [2025-05-09T03:05:15.143Z] [iam] error while checking permissions, command may fail: Authorization failed. This account is missing the following required permissions on project aerthex-portfolio-71447:

  firebase.projects.get
  firebasehosting.sites.update
[debug] [2025-05-09T03:05:15.143Z] Checked if tokens are valid: true, expires at: 1746763305240
[debug] [2025-05-09T03:05:15.143Z] Checked if tokens are valid: true, expires at: 1746763305240
[debug] [2025-05-09T03:05:15.144Z] >>> [apiv2][query] GET https://firebase.googleapis.com/v1beta1/projects/aerthex-portfolio-71447 [none]
[debug] [2025-05-09T03:05:15.511Z] <<< [apiv2][status] GET https://firebase.googleapis.com/v1beta1/projects/aerthex-portfolio-71447 403
[debug] [2025-05-09T03:05:15.511Z] <<< [apiv2][body] GET https://firebase.googleapis.com/v1beta1/projects/aerthex-portfolio-71447 {"error":{"code":403,"message":"The caller does not have permission","status":"PERMISSION_DENIED"}}
[debug] [2025-05-09T03:05:15.512Z] Request to https://firebase.googleapis.com/v1beta1/projects/aerthex-portfolio-71447 had HTTP Error: 403, The caller does not have permission
[debug] [2025-05-09T03:05:15.736Z] FirebaseError: Request to https://firebase.googleapis.com/v1beta1/projects/aerthex-portfolio-71447 had HTTP Error: 403, The caller does not have permission
    at responseToError (C:\Users\mcdwd\AppData\Roaming\npm\node_modules\firebase-tools\lib\responseToError.js:52:12)
    at RetryOperation._fn (C:\Users\mcdwd\AppData\Roaming\npm\node_modules\firebase-tools\lib\apiv2.js:312:77)
    at process.processTicksAndRejections (node:internal/process/task_queues:105:5)
[error] 
[error] Error: Failed to get Firebase project aerthex-portfolio-71447. Please make sure the project exists and your account has permission to access it.
[debug] [2025-05-09T03:05:47.899Z] ----------------------------------------------------------------------
[debug] [2025-05-09T03:05:47.903Z] Command:       C:\Program Files\nodejs\node.exe C:\Users\mcdwd\AppData\Roaming\npm\node_modules\firebase-tools\lib\bin\firebase.js use --add
[debug] [2025-05-09T03:05:47.904Z] CLI Version:   14.3.0
[debug] [2025-05-09T03:05:47.904Z] Platform:      win32
[debug] [2025-05-09T03:05:47.904Z] Node Version:  v22.15.0
[debug] [2025-05-09T03:05:47.904Z] Time:          Fri May 09 2025 00:05:47 GMT-0300 (hora est치ndar de Uruguay)
[debug] [2025-05-09T03:05:47.905Z] ----------------------------------------------------------------------
[debug] 
[debug] [2025-05-09T03:05:48.208Z] > command requires scopes: ["email","openid","https://www.googleapis.com/auth/cloudplatformprojects.readonly","https://www.googleapis.com/auth/firebase","https://www.googleapis.com/auth/cloud-platform"]
[debug] [2025-05-09T03:05:48.209Z] > authorizing via signed-in user (mcdw.danizt@gmail.com)
[debug] [2025-05-09T03:05:48.210Z] Checked if tokens are valid: true, expires at: 1746763305240
[debug] [2025-05-09T03:05:48.211Z] Checked if tokens are valid: true, expires at: 1746763305240
[debug] [2025-05-09T03:05:48.212Z] >>> [apiv2][query] GET https://firebase.googleapis.com/v1beta1/projects pageSize=1000
[debug] [2025-05-09T03:05:48.923Z] <<< [apiv2][status] GET https://firebase.googleapis.com/v1beta1/projects 200
[debug] [2025-05-09T03:05:48.923Z] <<< [apiv2][body] GET https://firebase.googleapis.com/v1beta1/projects [omitted]
[debug] [2025-05-09T03:05:49.242Z] ValidationError: [select prompt] No selectable choices. All choices are disabled.
    at C:\Users\mcdwd\AppData\Roaming\npm\node_modules\firebase-tools\node_modules\@inquirer\select\dist\commonjs\index.js:60:19
    at C:\Users\mcdwd\AppData\Roaming\npm\node_modules\firebase-tools\node_modules\@inquirer\core\dist\commonjs\lib\use-memo.js:11:27
    at withPointer (C:\Users\mcdwd\AppData\Roaming\npm\node_modules\firebase-tools\node_modules\@inquirer\core\dist\commonjs\lib\hook-engine.js:79:25)
    at useMemo (C:\Users\mcdwd\AppData\Roaming\npm\node_modules\firebase-tools\node_modules\@inquirer\core\dist\commonjs\lib\use-memo.js:6:45)
    at C:\Users\mcdwd\AppData\Roaming\npm\node_modules\firebase-tools\node_modules\@inquirer\select\dist\commonjs\index.js:56:39
    at C:\Users\mcdwd\AppData\Roaming\npm\node_modules\firebase-tools\node_modules\@inquirer\core\dist\commonjs\lib\create-prompt.js:113:38
    at store.handleChange (C:\Users\mcdwd\AppData\Roaming\npm\node_modules\firebase-tools\node_modules\@inquirer\core\dist\commonjs\lib\hook-engine.js:31:17)
    at cycle (C:\Users\mcdwd\AppData\Roaming\npm\node_modules\firebase-tools\node_modules\@inquirer\core\dist\commonjs\lib\hook-engine.js:33:19)
    at C:\Users\mcdwd\AppData\Roaming\npm\node_modules\firebase-tools\node_modules\@inquirer\core\dist\commonjs\lib\create-prompt.js:111:13
    at C:\Users\mcdwd\AppData\Roaming\npm\node_modules\firebase-tools\node_modules\@inquirer\core\dist\commonjs\lib\hook-engine.js:35:16
[error] 
[error] Error: An unexpected error has occurred.
[debug] [2025-05-09T03:08:05.673Z] ----------------------------------------------------------------------
[debug] [2025-05-09T03:08:05.677Z] Command:       C:\Program Files\nodejs\node.exe C:\Users\mcdwd\AppData\Roaming\npm\node_modules\firebase-tools\lib\bin\firebase.js projects:create aerthex-portfolio-71447 --display-name aerthex-portafolio
[debug] [2025-05-09T03:08:05.677Z] CLI Version:   14.3.0
[debug] [2025-05-09T03:08:05.677Z] Platform:      win32
[debug] [2025-05-09T03:08:05.678Z] Node Version:  v22.15.0
[debug] [2025-05-09T03:08:05.678Z] Time:          Fri May 09 2025 00:08:05 GMT-0300 (hora est치ndar de Uruguay)
[debug] [2025-05-09T03:08:05.678Z] ----------------------------------------------------------------------
[debug] 
[debug] [2025-05-09T03:08:05.998Z] > command requires scopes: ["email","openid","https://www.googleapis.com/auth/cloudplatformprojects.readonly","https://www.googleapis.com/auth/firebase","https://www.googleapis.com/auth/cloud-platform"]
[debug] [2025-05-09T03:08:05.999Z] > authorizing via signed-in user (mcdw.danizt@gmail.com)
[debug] [2025-05-09T03:09:29.101Z] Checked if tokens are valid: true, expires at: 1746763305240
[debug] [2025-05-09T03:09:29.103Z] Checked if tokens are valid: true, expires at: 1746763305240
[debug] [2025-05-09T03:09:29.105Z] >>> [apiv2][query] POST https://cloudresourcemanager.googleapis.com/v1/projects [none]
[debug] [2025-05-09T03:09:29.105Z] >>> [apiv2][body] POST https://cloudresourcemanager.googleapis.com/v1/projects {"projectId":"aerthex-portfolio-live","name":"aerthex-portafolio"}
[debug] [2025-05-09T03:09:30.255Z] <<< [apiv2][status] POST https://cloudresourcemanager.googleapis.com/v1/projects 200
[debug] [2025-05-09T03:09:30.255Z] <<< [apiv2][body] POST https://cloudresourcemanager.googleapis.com/v1/projects {"name":"operations/create_project.global.9058845900548240399"}
[debug] [2025-05-09T03:09:30.256Z] Checked if tokens are valid: true, expires at: 1746763305240
[debug] [2025-05-09T03:09:30.256Z] Checked if tokens are valid: true, expires at: 1746763305240
[debug] [2025-05-09T03:09:30.256Z] >>> [apiv2][query] GET https://cloudresourcemanager.googleapis.com/v1/operations/create_project.global.9058845900548240399 [none]
[debug] [2025-05-09T03:09:31.119Z] <<< [apiv2][status] GET https://cloudresourcemanager.googleapis.com/v1/operations/create_project.global.9058845900548240399 200
[debug] [2025-05-09T03:09:31.119Z] <<< [apiv2][body] GET https://cloudresourcemanager.googleapis.com/v1/operations/create_project.global.9058845900548240399 {"name":"operations/create_project.global.9058845900548240399"}
[debug] [2025-05-09T03:09:31.622Z] [Project Creation Poller] Retrying task index 0
[debug] [2025-05-09T03:09:31.623Z] Checked if tokens are valid: true, expires at: 1746763305240
[debug] [2025-05-09T03:09:31.623Z] Checked if tokens are valid: true, expires at: 1746763305240
[debug] [2025-05-09T03:09:31.623Z] >>> [apiv2][query] GET https://cloudresourcemanager.googleapis.com/v1/operations/create_project.global.9058845900548240399 [none]
[debug] [2025-05-09T03:09:31.870Z] <<< [apiv2][status] GET https://cloudresourcemanager.googleapis.com/v1/operations/create_project.global.9058845900548240399 200
[debug] [2025-05-09T03:09:31.870Z] <<< [apiv2][body] GET https://cloudresourcemanager.googleapis.com/v1/operations/create_project.global.9058845900548240399 {"name":"operations/create_project.global.9058845900548240399","metadata":{"@type":"type.googleapis.com/google.cloudresourcemanager.v1.ProjectCreationStatus","gettable":true,"ready":true},"done":true,"response":{"@type":"type.googleapis.com/google.cloudresourcemanager.v1.Project","projectNumber":"682754623082","projectId":"aerthex-portfolio-live","lifecycleState":"ACTIVE","name":"aerthex-portafolio","createTime":"2025-05-09T03:09:30.740271Z"}}
[debug] [2025-05-09T03:09:31.872Z] Checked if tokens are valid: true, expires at: 1746763305240
[debug] [2025-05-09T03:09:31.872Z] Checked if tokens are valid: true, expires at: 1746763305240
[debug] [2025-05-09T03:09:31.872Z] >>> [apiv2][query] POST https://firebase.googleapis.com/v1beta1/projects/aerthex-portfolio-live:addFirebase [none]
[debug] [2025-05-09T03:09:33.113Z] <<< [apiv2][status] POST https://firebase.googleapis.com/v1beta1/projects/aerthex-portfolio-live:addFirebase 403
[debug] [2025-05-09T03:09:33.113Z] <<< [apiv2][body] POST https://firebase.googleapis.com/v1beta1/projects/aerthex-portfolio-live:addFirebase {"error":{"code":403,"message":"The caller does not have permission","status":"PERMISSION_DENIED"}}
[debug] [2025-05-09T03:09:33.114Z] Request to https://firebase.googleapis.com/v1beta1/projects/aerthex-portfolio-live:addFirebase had HTTP Error: 403, The caller does not have permission
[debug] [2025-05-09T03:09:33.395Z] FirebaseError: Request to https://firebase.googleapis.com/v1beta1/projects/aerthex-portfolio-live:addFirebase had HTTP Error: 403, The caller does not have permission
    at responseToError (C:\Users\mcdwd\AppData\Roaming\npm\node_modules\firebase-tools\lib\responseToError.js:52:12)
    at RetryOperation._fn (C:\Users\mcdwd\AppData\Roaming\npm\node_modules\firebase-tools\lib\apiv2.js:312:77)
    at process.processTicksAndRejections (node:internal/process/task_queues:105:5)
[error] 
[error] Error: Failed to add Firebase to Google Cloud Platform project. See firebase-debug.log for more info.
